-------------------------------------------------------------------------------
Test set: TestSuite
-------------------------------------------------------------------------------
Tests run: 3, Failures: 1, Errors: 0, Skipped: 0, Time elapsed: 183.53 s <<< FAILURE! - in TestSuite
EndDateAutoAdjustTest(com.vytrack.tests.components.activites.DateAndTimeTest)  Time elapsed: 15.388 s  <<< FAILURE!
java.lang.AssertionError: expected [Aug 1, 2018] but found [Aug 1, 2019]
	at com.vytrack.tests.components.activites.DateAndTimeTest.EndDateAutoAdjustTest(DateAndTimeTest.java:95)

