<?xml version="1.0" encoding="UTF-8"?>
<testng-results ignored="4" total="9" passed="4" failed="1" skipped="0">
  <reporter-output>
  </reporter-output>
  <suite started-at="2020-02-24T18:00:08Z" name="Vytrack regression test suite" finished-at="2020-02-24T18:02:11Z" duration-ms="122523">
    <groups>
      <group name="regression">
        <method signature="DateAndTimeTest.EndDateAutoAdjustTest()[pri:3, instance:com.vytrack.tests.components.activites.DateAndTimeTest@b3ca52e]" name="EndDateAutoAdjustTest" class="com.vytrack.tests.components.activites.DateAndTimeTest"/>
        <method signature="LoginTestNegative.LogInTestNegative()[pri:4, instance:com.vytrack.tests.components.login_navigation.LoginTestNegative@45c7e403]" name="LogInTestNegative" class="com.vytrack.tests.components.login_navigation.LoginTestNegative"/>
        <method signature="LoginTestPositive.LogInDriverTest()[pri:2, instance:com.vytrack.tests.components.login_navigation.LoginTestPositive@2aceadd4]" name="LogInDriverTest" class="com.vytrack.tests.components.login_navigation.LoginTestPositive"/>
        <method signature="LoginTestPositive.LogInSalesManagerTest()[pri:1, instance:com.vytrack.tests.components.login_navigation.LoginTestPositive@2aceadd4]" name="LogInSalesManagerTest" class="com.vytrack.tests.components.login_navigation.LoginTestPositive"/>
        <method signature="LoginTestPositive.LogInStoreManagerTest()[pri:0, instance:com.vytrack.tests.components.login_navigation.LoginTestPositive@2aceadd4]" name="LogInStoreManagerTest" class="com.vytrack.tests.components.login_navigation.LoginTestPositive"/>
      </group> <!-- regression -->
    </groups>
    <test started-at="2020-02-24T18:00:08Z" name="Regression" finished-at="2020-02-24T18:02:11Z" duration-ms="122523">
      <class name="com.vytrack.tests.components.activites.DateAndTimeTest">
        <test-method is-config="true" signature="setUpMethod(java.lang.String)[pri:0, instance:com.vytrack.tests.components.activites.DateAndTimeTest@b3ca52e]" started-at="2020-02-24T18:01:46Z" name="setUpMethod" finished-at="2020-02-24T18:01:51Z" duration-ms="4252" status="PASS">
          <params>
            <param index="0">
              <value is-null="true"/>
            </param>
          </params>
          <reporter-output>
          </reporter-output>
        </test-method> <!-- setUpMethod -->
        <test-method signature="EndDateAutoAdjustTest()[pri:3, instance:com.vytrack.tests.components.activites.DateAndTimeTest@b3ca52e]" started-at="2020-02-24T18:01:51Z" name="EndDateAutoAdjustTest" finished-at="2020-02-24T18:02:03Z" duration-ms="12369" status="PASS">
          <reporter-output>
          </reporter-output>
        </test-method> <!-- EndDateAutoAdjustTest -->
        <test-method is-config="true" signature="tearDwon(org.testng.ITestResult)[pri:0, instance:com.vytrack.tests.components.activites.DateAndTimeTest@b3ca52e]" started-at="2020-02-24T18:02:03Z" name="tearDwon" finished-at="2020-02-24T18:02:04Z" duration-ms="1023" status="PASS">
          <params>
            <param index="0">
              <value>
                <![CDATA[[TestResult name=EndDateAutoAdjustTest status=SUCCESS method=DateAndTimeTest.EndDateAutoAdjustTest()[pri:3, instance:com.vytrack.tests.components.activites.DateAndTimeTest@b3ca52e] output={null}]]]>
              </value>
            </param>
          </params>
          <reporter-output>
          </reporter-output>
        </test-method> <!-- tearDwon -->
      </class> <!-- com.vytrack.tests.components.activites.DateAndTimeTest -->
      <class name="com.vytrack.tests.components.login_navigation.LoginTestNegative">
        <test-method is-config="true" signature="setUpMethod(java.lang.String)[pri:0, instance:com.vytrack.tests.components.login_navigation.LoginTestNegative@45c7e403]" started-at="2020-02-24T18:02:04Z" name="setUpMethod" finished-at="2020-02-24T18:02:08Z" duration-ms="4346" status="PASS">
          <params>
            <param index="0">
              <value is-null="true"/>
            </param>
          </params>
          <reporter-output>
          </reporter-output>
        </test-method> <!-- setUpMethod -->
        <test-method signature="LogInTestNegative()[pri:4, instance:com.vytrack.tests.components.login_navigation.LoginTestNegative@45c7e403]" started-at="2020-02-24T18:02:08Z" name="LogInTestNegative" finished-at="2020-02-24T18:02:09Z" duration-ms="1016" status="FAIL">
          <exception class="java.lang.AssertionError">
            <message>
              <![CDATA[expected [true] but found [false]]]>
            </message>
            <full-stacktrace>
              <![CDATA[java.lang.AssertionError: expected [true] but found [false]
at org.testng.Assert.fail(Assert.java:96)
at org.testng.Assert.failNotEquals(Assert.java:776)
at org.testng.Assert.assertTrue(Assert.java:44)
at org.testng.Assert.assertTrue(Assert.java:54)
at com.vytrack.tests.components.login_navigation.LoginTestNegative.LogInTestNegative(LoginTestNegative.java:27)
at java.base/jdk.internal.reflect.NativeMethodAccessorImpl.invoke0(Native Method)
at java.base/jdk.internal.reflect.NativeMethodAccessorImpl.invoke(NativeMethodAccessorImpl.java:62)
at java.base/jdk.internal.reflect.DelegatingMethodAccessorImpl.invoke(DelegatingMethodAccessorImpl.java:43)
at java.base/java.lang.reflect.Method.invoke(Method.java:566)
at org.testng.internal.MethodInvocationHelper.invokeMethod(MethodInvocationHelper.java:124)
at org.testng.internal.Invoker.invokeMethod(Invoker.java:583)
at org.testng.internal.Invoker.invokeTestMethod(Invoker.java:719)
at org.testng.internal.Invoker.invokeTestMethods(Invoker.java:989)
at org.testng.internal.TestMethodWorker.invokeTestMethods(TestMethodWorker.java:125)
at org.testng.internal.TestMethodWorker.run(TestMethodWorker.java:109)
at org.testng.TestRunner.privateRun(TestRunner.java:648)
at org.testng.TestRunner.run(TestRunner.java:505)
at org.testng.SuiteRunner.runTest(SuiteRunner.java:455)
at org.testng.SuiteRunner.runSequentially(SuiteRunner.java:450)
at org.testng.SuiteRunner.privateRun(SuiteRunner.java:415)
at org.testng.SuiteRunner.run(SuiteRunner.java:364)
at org.testng.SuiteRunnerWorker.runSuite(SuiteRunnerWorker.java:52)
at org.testng.SuiteRunnerWorker.run(SuiteRunnerWorker.java:84)
at org.testng.TestNG.runSuitesSequentially(TestNG.java:1208)
at org.testng.TestNG.runSuitesLocally(TestNG.java:1137)
at org.testng.TestNG.runSuites(TestNG.java:1049)
at org.testng.TestNG.run(TestNG.java:1017)
at org.apache.maven.surefire.testng.TestNGExecutor.run(TestNGExecutor.java:283)
at org.apache.maven.surefire.testng.TestNGXmlTestSuite.execute(TestNGXmlTestSuite.java:75)
at org.apache.maven.surefire.testng.TestNGProvider.invoke(TestNGProvider.java:120)
at org.apache.maven.surefire.booter.ForkedBooter.invokeProviderInSameClassLoader(ForkedBooter.java:384)
at org.apache.maven.surefire.booter.ForkedBooter.runSuitesInProcess(ForkedBooter.java:345)
at org.apache.maven.surefire.booter.ForkedBooter.execute(ForkedBooter.java:126)
at org.apache.maven.surefire.booter.ForkedBooter.main(ForkedBooter.java:418)
]]>
            </full-stacktrace>
          </exception> <!-- java.lang.AssertionError -->
          <reporter-output>
          </reporter-output>
        </test-method> <!-- LogInTestNegative -->
        <test-method is-config="true" signature="tearDwon(org.testng.ITestResult)[pri:0, instance:com.vytrack.tests.components.login_navigation.LoginTestNegative@45c7e403]" started-at="2020-02-24T18:02:09Z" name="tearDwon" finished-at="2020-02-24T18:02:11Z" duration-ms="1273" status="PASS">
          <params>
            <param index="0">
              <value>
                <![CDATA[[TestResult name=LogInTestNegative status=FAILURE method=LoginTestNegative.LogInTestNegative()[pri:4, instance:com.vytrack.tests.components.login_navigation.LoginTestNegative@45c7e403] output={null}]]]>
              </value>
            </param>
          </params>
          <reporter-output>
          </reporter-output>
        </test-method> <!-- tearDwon -->
      </class> <!-- com.vytrack.tests.components.login_navigation.LoginTestNegative -->
      <class name="com.vytrack.tests.components.login_navigation.LoginTestPositive">
        <test-method is-config="true" signature="setUpTest()[pri:0, instance:com.vytrack.tests.components.login_navigation.LoginTestPositive@2aceadd4]" started-at="2020-02-24T18:00:08Z" name="setUpTest" finished-at="2020-02-24T18:00:08Z" duration-ms="125" status="PASS">
          <reporter-output>
          </reporter-output>
        </test-method> <!-- setUpTest -->
        <test-method is-config="true" signature="setUpMethod(java.lang.String)[pri:0, instance:com.vytrack.tests.components.login_navigation.LoginTestPositive@2aceadd4]" started-at="2020-02-24T18:00:08Z" name="setUpMethod" finished-at="2020-02-24T18:00:13Z" duration-ms="5024" status="PASS">
          <params>
            <param index="0">
              <value is-null="true"/>
            </param>
          </params>
          <reporter-output>
          </reporter-output>
        </test-method> <!-- setUpMethod -->
        <test-method signature="LogInStoreManagerTest()[pri:0, instance:com.vytrack.tests.components.login_navigation.LoginTestPositive@2aceadd4]" started-at="2020-02-24T18:00:13Z" name="LogInStoreManagerTest" finished-at="2020-02-24T18:00:41Z" duration-ms="27293" status="PASS">
          <reporter-output>
          </reporter-output>
        </test-method> <!-- LogInStoreManagerTest -->
        <test-method is-config="true" signature="tearDwon(org.testng.ITestResult)[pri:0, instance:com.vytrack.tests.components.login_navigation.LoginTestPositive@2aceadd4]" started-at="2020-02-24T18:00:41Z" name="tearDwon" finished-at="2020-02-24T18:00:42Z" duration-ms="1356" status="PASS">
          <params>
            <param index="0">
              <value>
                <![CDATA[[TestResult name=LogInStoreManagerTest status=SUCCESS method=LoginTestPositive.LogInStoreManagerTest()[pri:0, instance:com.vytrack.tests.components.login_navigation.LoginTestPositive@2aceadd4] output={null}]]]>
              </value>
            </param>
          </params>
          <reporter-output>
          </reporter-output>
        </test-method> <!-- tearDwon -->
        <test-method is-config="true" signature="setUpMethod(java.lang.String)[pri:0, instance:com.vytrack.tests.components.login_navigation.LoginTestPositive@2aceadd4]" started-at="2020-02-24T18:00:42Z" name="setUpMethod" finished-at="2020-02-24T18:00:47Z" duration-ms="5264" status="PASS">
          <params>
            <param index="0">
              <value is-null="true"/>
            </param>
          </params>
          <reporter-output>
          </reporter-output>
        </test-method> <!-- setUpMethod -->
        <test-method signature="LogInSalesManagerTest()[pri:1, instance:com.vytrack.tests.components.login_navigation.LoginTestPositive@2aceadd4]" started-at="2020-02-24T18:00:47Z" name="LogInSalesManagerTest" finished-at="2020-02-24T18:01:18Z" duration-ms="30282" status="PASS">
          <reporter-output>
          </reporter-output>
        </test-method> <!-- LogInSalesManagerTest -->
        <test-method is-config="true" signature="tearDwon(org.testng.ITestResult)[pri:0, instance:com.vytrack.tests.components.login_navigation.LoginTestPositive@2aceadd4]" started-at="2020-02-24T18:01:18Z" name="tearDwon" finished-at="2020-02-24T18:01:19Z" duration-ms="1016" status="PASS">
          <params>
            <param index="0">
              <value>
                <![CDATA[[TestResult name=LogInSalesManagerTest status=SUCCESS method=LoginTestPositive.LogInSalesManagerTest()[pri:1, instance:com.vytrack.tests.components.login_navigation.LoginTestPositive@2aceadd4] output={null}]]]>
              </value>
            </param>
          </params>
          <reporter-output>
          </reporter-output>
        </test-method> <!-- tearDwon -->
        <test-method is-config="true" signature="setUpMethod(java.lang.String)[pri:0, instance:com.vytrack.tests.components.login_navigation.LoginTestPositive@2aceadd4]" started-at="2020-02-24T18:01:19Z" name="setUpMethod" finished-at="2020-02-24T18:01:23Z" duration-ms="4648" status="PASS">
          <params>
            <param index="0">
              <value is-null="true"/>
            </param>
          </params>
          <reporter-output>
          </reporter-output>
        </test-method> <!-- setUpMethod -->
        <test-method signature="LogInDriverTest()[pri:2, instance:com.vytrack.tests.components.login_navigation.LoginTestPositive@2aceadd4]" started-at="2020-02-24T18:01:23Z" name="LogInDriverTest" finished-at="2020-02-24T18:01:45Z" duration-ms="22228" status="PASS">
          <reporter-output>
          </reporter-output>
        </test-method> <!-- LogInDriverTest -->
        <test-method is-config="true" signature="tearDwon(org.testng.ITestResult)[pri:0, instance:com.vytrack.tests.components.login_navigation.LoginTestPositive@2aceadd4]" started-at="2020-02-24T18:01:45Z" name="tearDwon" finished-at="2020-02-24T18:01:46Z" duration-ms="907" status="PASS">
          <params>
            <param index="0">
              <value>
                <![CDATA[[TestResult name=LogInDriverTest status=SUCCESS method=LoginTestPositive.LogInDriverTest()[pri:2, instance:com.vytrack.tests.components.login_navigation.LoginTestPositive@2aceadd4] output={null}]]]>
              </value>
            </param>
          </params>
          <reporter-output>
          </reporter-output>
        </test-method> <!-- tearDwon -->
        <test-method is-config="true" signature="tearDownTest()[pri:0, instance:com.vytrack.tests.components.login_navigation.LoginTestPositive@2aceadd4]" started-at="2020-02-24T18:02:11Z" name="tearDownTest" finished-at="2020-02-24T18:02:11Z" duration-ms="78" status="PASS">
          <reporter-output>
          </reporter-output>
        </test-method> <!-- tearDownTest -->
      </class> <!-- com.vytrack.tests.components.login_navigation.LoginTestPositive -->
    </test> <!-- Regression -->
  </suite> <!-- Vytrack regression test suite -->
</testng-results>
