-------------------------------------------------------------------------------
Test set: TestSuite
-------------------------------------------------------------------------------
Tests run: 5, Failures: 1, Errors: 0, Skipped: 0, Time elapsed: 123.288 s <<< FAILURE! - in TestSuite
LogInTestNegative(com.vytrack.tests.components.login_navigation.LoginTestNegative)  Time elapsed: 1.02 s  <<< FAILURE!
java.lang.AssertionError: expected [true] but found [false]
	at com.vytrack.tests.components.login_navigation.LoginTestNegative.LogInTestNegative(LoginTestNegative.java:27)

