<?xml version="1.0" encoding="UTF-8"?>
<testsuite xmlns:xsi="http://www.w3.org/2001/XMLSchema-instance" xsi:noNamespaceSchemaLocation="https://maven.apache.org/surefire/maven-surefire-plugin/xsd/surefire-test-report-3.0.xsd" version="3.0" name="TestSuite" time="183.53" tests="3" errors="0" skipped="0" failures="1">
  <properties>
[...]
</properties>
  <testcase name="EndDateAutoAdjustTest" classname="com.vytrack.tests.components.activites.DateAndTimeTest" time="15.388">
    <failure message="expected [Aug 1, 2018] but found [Aug 1, 2019]" type="java.lang.AssertionError">java.lang.AssertionError: expected [Aug 1, 2018] but found [Aug 1, 2019]
	at com.vytrack.tests.components.activites.DateAndTimeTest.EndDateAutoAdjustTest(DateAndTimeTest.java:95)
</failure>
    <system-out><![CDATA[org.openqa.selenium.ElementClickInterceptedException: element click intercepted: Element <span class="title title-level-1">...</span> is not clickable at point (439, 56). Other element would receive the click: <div class="loader-mask shown">...</div>
  (Session info: chrome=75.0.3770.142)
Build info: version: '3.141.59', revision: 'e82be7d358', time: '2018-11-14T08:17:03'
System info: host: 'DESKTOP-PM9V0CS', ip: '192.168.0.6', os.name: 'Windows 10', os.arch: 'amd64', os.version: '10.0', java.version: '12.0.1'
Driver info: org.openqa.selenium.chrome.ChromeDriver
Capabilities {acceptInsecureCerts: false, browserName: chrome, browserVersion: 75.0.3770.142, chrome: {chromedriverVersion: 75.0.3770.8 (681f24ea911fe7..., userDataDir: C:\Users\FARRUKH\AppData\Lo...}, goog:chromeOptions: {debuggerAddress: localhost:57660}, javascriptEnabled: true, networkConnectionEnabled: false, pageLoadStrategy: normal, platform: XP, platformName: XP, proxy: Proxy(), setWindowRect: true, strictFileInteractability: false, timeouts: {implicit: 0, pageLoad: 300000, script: 30000}, unhandledPromptBehavior: dismiss and notify}
Session ID: 2a5a5a95c34b664243001515772fa6ab
Attempt :: 1
org.openqa.selenium.ElementClickInterceptedException: element click intercepted: Element <span class="title title-level-1">...</span> is not clickable at point (439, 56). Other element would receive the click: <div class="loader-mask shown">...</div>
  (Session info: chrome=75.0.3770.142)
Build info: version: '3.141.59', revision: 'e82be7d358', time: '2018-11-14T08:17:03'
System info: host: 'DESKTOP-PM9V0CS', ip: '192.168.0.6', os.name: 'Windows 10', os.arch: 'amd64', os.version: '10.0', java.version: '12.0.1'
Driver info: org.openqa.selenium.chrome.ChromeDriver
Capabilities {acceptInsecureCerts: false, browserName: chrome, browserVersion: 75.0.3770.142, chrome: {chromedriverVersion: 75.0.3770.8 (681f24ea911fe7..., userDataDir: C:\Users\FARRUKH\AppData\Lo...}, goog:chromeOptions: {debuggerAddress: localhost:57660}, javascriptEnabled: true, networkConnectionEnabled: false, pageLoadStrategy: normal, platform: XP, platformName: XP, proxy: Proxy(), setWindowRect: true, strictFileInteractability: false, timeouts: {implicit: 0, pageLoad: 300000, script: 30000}, unhandledPromptBehavior: dismiss and notify}
Session ID: 2a5a5a95c34b664243001515772fa6ab
Attempt :: 2
org.openqa.selenium.ElementClickInterceptedException: element click intercepted: Element <a href="/calendar/event/create" class="btn main-group btn-primary pull-right " title="Create Calendar event">...</a> is not clickable at point (1794, 137). Other element would receive the click: <div class="loader-mask shown">...</div>
  (Session info: chrome=75.0.3770.142)
Build info: version: '3.141.59', revision: 'e82be7d358', time: '2018-11-14T08:17:03'
System info: host: 'DESKTOP-PM9V0CS', ip: '192.168.0.6', os.name: 'Windows 10', os.arch: 'amd64', os.version: '10.0', java.version: '12.0.1'
Driver info: org.openqa.selenium.chrome.ChromeDriver
Capabilities {acceptInsecureCerts: false, browserName: chrome, browserVersion: 75.0.3770.142, chrome: {chromedriverVersion: 75.0.3770.8 (681f24ea911fe7..., userDataDir: C:\Users\FARRUKH\AppData\Lo...}, goog:chromeOptions: {debuggerAddress: localhost:57660}, javascriptEnabled: true, networkConnectionEnabled: false, pageLoadStrategy: normal, platform: XP, platformName: XP, proxy: Proxy(), setWindowRect: true, strictFileInteractability: false, timeouts: {implicit: 0, pageLoad: 300000, script: 30000}, unhandledPromptBehavior: dismiss and notify}
Session ID: 2a5a5a95c34b664243001515772fa6ab
Attempt :: 1
org.openqa.selenium.ElementClickInterceptedException: element click intercepted: Element <a href="/calendar/event/create" class="btn main-group btn-primary pull-right " title="Create Calendar event">...</a> is not clickable at point (1794, 137). Other element would receive the click: <div class="loader-mask shown">...</div>
  (Session info: chrome=75.0.3770.142)
Build info: version: '3.141.59', revision: 'e82be7d358', time: '2018-11-14T08:17:03'
System info: host: 'DESKTOP-PM9V0CS', ip: '192.168.0.6', os.name: 'Windows 10', os.arch: 'amd64', os.version: '10.0', java.version: '12.0.1'
Driver info: org.openqa.selenium.chrome.ChromeDriver
Capabilities {acceptInsecureCerts: false, browserName: chrome, browserVersion: 75.0.3770.142, chrome: {chromedriverVersion: 75.0.3770.8 (681f24ea911fe7..., userDataDir: C:\Users\FARRUKH\AppData\Lo...}, goog:chromeOptions: {debuggerAddress: localhost:57660}, javascriptEnabled: true, networkConnectionEnabled: false, pageLoadStrategy: normal, platform: XP, platformName: XP, proxy: Proxy(), setWindowRect: true, strictFileInteractability: false, timeouts: {implicit: 0, pageLoad: 300000, script: 30000}, unhandledPromptBehavior: dismiss and notify}
Session ID: 2a5a5a95c34b664243001515772fa6ab
Attempt :: 2
java.lang.NumberFormatException: null :: Loader mask doesn't present.
org.openqa.selenium.ElementClickInterceptedException: element click intercepted: Element <input placeholder="Choose a date" id="date_selector_oro_calendar_event_form_start-uid-5d43be15061af" name="date_selector_oro_calendar_event_form_start-uid-5d43be15061af" class="input-small datepicker-input start hasDatepicker" data-validation="{&quot;Date&quot;:{},&quot;NotBlank&quot;:{}}" type="text" data-fake-front-field=""> is not clickable at point (1174, 231). Other element would receive the click: <div class="loader-mask shown">...</div>
  (Session info: chrome=75.0.3770.142)
Build info: version: '3.141.59', revision: 'e82be7d358', time: '2018-11-14T08:17:03'
System info: host: 'DESKTOP-PM9V0CS', ip: '192.168.0.6', os.name: 'Windows 10', os.arch: 'amd64', os.version: '10.0', java.version: '12.0.1'
Driver info: org.openqa.selenium.chrome.ChromeDriver
Capabilities {acceptInsecureCerts: false, browserName: chrome, browserVersion: 75.0.3770.142, chrome: {chromedriverVersion: 75.0.3770.8 (681f24ea911fe7..., userDataDir: C:\Users\FARRUKH\AppData\Lo...}, goog:chromeOptions: {debuggerAddress: localhost:57660}, javascriptEnabled: true, networkConnectionEnabled: false, pageLoadStrategy: normal, platform: XP, platformName: XP, proxy: Proxy(), setWindowRect: true, strictFileInteractability: false, timeouts: {implicit: 0, pageLoad: 300000, script: 30000}, unhandledPromptBehavior: dismiss and notify}
Session ID: 2a5a5a95c34b664243001515772fa6ab
Attempt :: 1
End date: Aug 25, 2019 future date: Aug 25, 2019
java.lang.NumberFormatException: null :: Loader mask doesn't present.
org.openqa.selenium.ElementClickInterceptedException: element click intercepted: Element <input placeholder="Choose a date" id="date_selector_oro_calendar_event_form_end-uid-5d43be15062ad" name="date_selector_oro_calendar_event_form_end-uid-5d43be15062ad" class="input-small datepicker-input end hasDatepicker" data-validation="{&quot;Date&quot;:{},&quot;NotBlank&quot;:{}}" type="text" data-fake-front-field="" aria-invalid="false"> is not clickable at point (1165, 271). Other element would receive the click: <select class="ui-datepicker-month" data-handler="selectMonth" data-event="change">...</select>
  (Session info: chrome=75.0.3770.142)
Build info: version: '3.141.59', revision: 'e82be7d358', time: '2018-11-14T08:17:03'
System info: host: 'DESKTOP-PM9V0CS', ip: '192.168.0.6', os.name: 'Windows 10', os.arch: 'amd64', os.version: '10.0', java.version: '12.0.1'
Driver info: org.openqa.selenium.chrome.ChromeDriver
Capabilities {acceptInsecureCerts: false, browserName: chrome, browserVersion: 75.0.3770.142, chrome: {chromedriverVersion: 75.0.3770.8 (681f24ea911fe7..., userDataDir: C:\Users\FARRUKH\AppData\Lo...}, goog:chromeOptions: {debuggerAddress: localhost:57660}, javascriptEnabled: true, networkConnectionEnabled: false, pageLoadStrategy: normal, platform: XP, platformName: XP, proxy: Proxy(), setWindowRect: true, strictFileInteractability: false, timeouts: {implicit: 0, pageLoad: 300000, script: 30000}, unhandledPromptBehavior: dismiss and notify}
Session ID: 2a5a5a95c34b664243001515772fa6ab
Attempt :: 1
today's date :Aug 1, 2019 current date: Aug 1, 2018
]]></system-out>
    <system-err><![CDATA[458 [main] INFO io.github.bonigarcia.wdm.WebDriverManager - Using chromedriver 75.0.3770.8 (since Google Chrome 75 is installed in your machine)
470 [main] INFO io.github.bonigarcia.wdm.WebDriverManager - Exporting webdriver.chrome.driver as C:\Users\FARRUKH\.m2\repository\webdriver\chromedriver\win32\75.0.3770.8\chromedriver.exe
Starting ChromeDriver 75.0.3770.8 (681f24ea911fe754973dda2fdc6d2a2e159dd300-refs/branch-heads/3770@{#40}) on port 35801
Only local connections are allowed.
Please protect ports used by ChromeDriver and related test frameworks to prevent access by malicious code.
Aug 01, 2019 11:37:27 PM org.openqa.selenium.remote.ProtocolHandshake createSession
INFO: Detected dialect: W3C
]]></system-err>
  </testcase>
  <testcase name="LogInTest" classname="com.vytrack.tests.components.login_navigation.LoginTestPositive" time="73.821"/>
  <testcase name="VehicleContractsStoreManager" classname="com.vytrack.tests.components.login_navigation.PageAccessTest" time="63.672"/>
</testsuite>