<?xml version="1.0" encoding="UTF-8"?>
<testsuite xmlns:xsi="http://www.w3.org/2001/XMLSchema-instance" xsi:noNamespaceSchemaLocation="https://maven.apache.org/surefire/maven-surefire-plugin/xsd/surefire-test-report-3.0.xsd" version="3.0" name="TestSuite" time="123.288" tests="5" errors="0" skipped="0" failures="1">
  <properties>
[...]
</properties>
  <testcase name="LogInStoreManagerTest" classname="com.vytrack.tests.components.login_navigation.LoginTestPositive" time="27.294"/>
  <testcase name="LogInSalesManagerTest" classname="com.vytrack.tests.components.login_navigation.LoginTestPositive" time="30.035"/>
  <testcase name="LogInDriverTest" classname="com.vytrack.tests.components.login_navigation.LoginTestPositive" time="22.226"/>
  <testcase name="EndDateAutoAdjustTest" classname="com.vytrack.tests.components.activites.DateAndTimeTest" time="12.37"/>
  <testcase name="LogInTestNegative" classname="com.vytrack.tests.components.login_navigation.LoginTestNegative" time="1.02">
    <failure message="expected [true] but found [false]" type="java.lang.AssertionError">java.lang.AssertionError: expected [true] but found [false]
	at com.vytrack.tests.components.login_navigation.LoginTestNegative.LogInTestNegative(LoginTestNegative.java:27)
</failure>
    <system-err><![CDATA[115774 [main] INFO io.github.bonigarcia.wdm.WebDriverManager - Using chromedriver 80.0.3987.106 (since Google Chrome 80 is installed in your machine)
115774 [main] INFO io.github.bonigarcia.wdm.WebDriverManager - Exporting webdriver.chrome.driver as C:\Users\FARRUKH\.m2\repository\webdriver\chromedriver\win32\80.0.3987.106\chromedriver.exe
Starting ChromeDriver 80.0.3987.106 (f68069574609230cf9b635cd784cfb1bf81bb53a-refs/branch-heads/3987@{#882}) on port 6379
Only local connections are allowed.
Please protect ports used by ChromeDriver and related test frameworks to prevent access by malicious code.
Feb 24, 2020 12:02:06 PM org.openqa.selenium.remote.ProtocolHandshake createSession
INFO: Detected dialect: W3C
[1582567328.686][SEVERE]: Timed out receiving message from renderer: 0.100
[1582567329.744][SEVERE]: Timed out receiving message from renderer: 0.100
]]></system-err>
  </testcase>
</testsuite>